2020-03-13 15:37:06 [scrapy.utils.log] INFO: Scrapy 2.0.0 started (bot: searchthesourcecode)
2020-03-13 15:37:06 [scrapy.utils.log] INFO: Versions: lxml 4.5.0.0, libxml2 2.9.10, cssselect 1.1.0, parsel 1.5.2, w3lib 1.21.0, Twisted 19.10.0, Python 3.7.6 (default, Dec 30 2019, 19:38:26) - [Clang 11.0.0 (clang-1100.0.33.16)], pyOpenSSL 19.1.0 (OpenSSL 1.1.1d  10 Sep 2019), cryptography 2.8, Platform Darwin-19.3.0-x86_64-i386-64bit
2020-03-13 15:37:06 [scrapy.utils.log] DEBUG: Using reactor: twisted.internet.selectreactor.SelectReactor
2020-03-13 15:37:06 [scrapy.crawler] INFO: Overridden settings:
{'BOT_NAME': 'searchthesourcecode',
 'CLOSESPIDER_PAGECOUNT': 100,
 'FEED_FORMAT': 'json',
 'FEED_URI': 'feed/%(name)s.json',
 'LOG_FILE': 'logs/scrapy.log',
 'NEWSPIDER_MODULE': 'searchthesourcecode.spiders',
 'SPIDER_MODULES': ['searchthesourcecode.spiders'],
 'TELNETCONSOLE_ENABLED': False,
 'USER_AGENT': 'searchthesourcecode (+http://searchthesourcecode.com)'}
2020-03-13 15:37:06 [scrapy.middleware] INFO: Enabled extensions:
['scrapy.extensions.corestats.CoreStats',
 'scrapy.extensions.memusage.MemoryUsage',
 'scrapy.extensions.closespider.CloseSpider',
 'scrapy.extensions.feedexport.FeedExporter',
 'scrapy.extensions.logstats.LogStats']
2020-03-13 15:37:06 [scrapy.middleware] INFO: Enabled downloader middlewares:
['scrapy.downloadermiddlewares.httpauth.HttpAuthMiddleware',
 'scrapy.downloadermiddlewares.downloadtimeout.DownloadTimeoutMiddleware',
 'scrapy.downloadermiddlewares.defaultheaders.DefaultHeadersMiddleware',
 'scrapy.downloadermiddlewares.useragent.UserAgentMiddleware',
 'scrapy.downloadermiddlewares.retry.RetryMiddleware',
 'scrapy.downloadermiddlewares.redirect.MetaRefreshMiddleware',
 'scrapy.downloadermiddlewares.httpcompression.HttpCompressionMiddleware',
 'scrapy.downloadermiddlewares.redirect.RedirectMiddleware',
 'scrapy.downloadermiddlewares.cookies.CookiesMiddleware',
 'scrapy.downloadermiddlewares.httpproxy.HttpProxyMiddleware',
 'scrapy.downloadermiddlewares.stats.DownloaderStats']
2020-03-13 15:37:06 [scrapy.middleware] INFO: Enabled spider middlewares:
['scrapy.spidermiddlewares.httperror.HttpErrorMiddleware',
 'scrapy.spidermiddlewares.offsite.OffsiteMiddleware',
 'scrapy.spidermiddlewares.referer.RefererMiddleware',
 'scrapy.spidermiddlewares.urllength.UrlLengthMiddleware',
 'scrapy.spidermiddlewares.depth.DepthMiddleware']
2020-03-13 15:37:06 [scrapy.middleware] INFO: Enabled item pipelines:
[]
2020-03-13 15:37:06 [scrapy.core.engine] INFO: Spider opened
2020-03-13 15:37:06 [scrapy.extensions.logstats] INFO: Crawled 0 pages (at 0 pages/min), scraped 0 items (at 0 items/min)
2020-03-13 15:37:07 [scrapy.downloadermiddlewares.redirect] DEBUG: Redirecting (301) to <GET https://alexclapperton.co.uk/> from <GET http://alexclapperton.co.uk/>
2020-03-13 15:37:08 [scrapy.downloadermiddlewares.redirect] DEBUG: Redirecting (301) to <GET https://www.alexclapperton.co.uk/> from <GET https://alexclapperton.co.uk/>
2020-03-13 15:37:10 [scrapy.core.engine] DEBUG: Crawled (200) <GET https://www.alexclapperton.co.uk/> (referer: None)
2020-03-13 15:37:10 [scrapy.core.scraper] DEBUG: Scraped from <200 https://www.alexclapperton.co.uk/>
{'url': 'https://www.alexclapperton.co.uk/', 'matches': '[]', 'count': 0}
2020-03-13 15:37:10 [scrapy.spidermiddlewares.offsite] DEBUG: Filtered offsite request to 'enable-javascript.com': <GET http://enable-javascript.com>
2020-03-13 15:37:10 [scrapy.dupefilters] DEBUG: Filtered duplicate request: <GET https://www.alexclapperton.co.uk/#nav> - no more duplicates will be shown (see DUPEFILTER_DEBUG to show all duplicates)
2020-03-13 15:37:10 [scrapy.spidermiddlewares.offsite] DEBUG: Filtered offsite request to 'www.codecomputerlove.com': <GET https://www.codecomputerlove.com/>
2020-03-13 15:37:10 [scrapy.spidermiddlewares.offsite] DEBUG: Filtered offsite request to 'github.com': <GET https://github.com/Pushedskydiver>
2020-03-13 15:37:10 [scrapy.spidermiddlewares.offsite] DEBUG: Filtered offsite request to 'twitter.com': <GET https://twitter.com/AlexMClapperton>
2020-03-13 15:37:10 [scrapy.spidermiddlewares.offsite] DEBUG: Filtered offsite request to 'uk.linkedin.com': <GET https://uk.linkedin.com/in/alexclapperton>
2020-03-13 15:37:10 [scrapy.core.engine] DEBUG: Crawled (200) <GET https://www.alexclapperton.co.uk/articles/2016/performance-and-optimisation-getting-your-website-up-to-speed/> (referer: https://www.alexclapperton.co.uk/)
2020-03-13 15:37:11 [scrapy.core.engine] DEBUG: Crawled (200) <GET https://www.alexclapperton.co.uk/portfolio/portfolio-2015/> (referer: https://www.alexclapperton.co.uk/)
2020-03-13 15:37:11 [scrapy.core.scraper] DEBUG: Scraped from <200 https://www.alexclapperton.co.uk/articles/2016/performance-and-optimisation-getting-your-website-up-to-speed/>
{'url': 'https://www.alexclapperton.co.uk/articles/2016/performance-and-optimisation-getting-your-website-up-to-speed/', 'matches': '[11997, 12062]', 'count': 2}
2020-03-13 15:37:11 [scrapy.spidermiddlewares.offsite] DEBUG: Filtered offsite request to 'validator.w3.org': <GET https://validator.w3.org/>
2020-03-13 15:37:11 [scrapy.spidermiddlewares.offsite] DEBUG: Filtered offsite request to 'blog.teamtreehouse.com': <GET http://blog.teamtreehouse.com/10-reasons-website-needs-mobile-optimized>
2020-03-13 15:37:11 [scrapy.spidermiddlewares.offsite] DEBUG: Filtered offsite request to 'developers.google.com': <GET https://developers.google.com/speed/pagespeed/insights/>
2020-03-13 15:37:11 [scrapy.spidermiddlewares.offsite] DEBUG: Filtered offsite request to 'www.screamingfrog.co.uk': <GET https://www.screamingfrog.co.uk/seo-spider/>
2020-03-13 15:37:11 [scrapy.spidermiddlewares.offsite] DEBUG: Filtered offsite request to 'www.webpagetest.org': <GET http://www.webpagetest.org/>
2020-03-13 15:37:11 [scrapy.core.scraper] DEBUG: Scraped from <200 https://www.alexclapperton.co.uk/portfolio/portfolio-2015/>
{'url': 'https://www.alexclapperton.co.uk/portfolio/portfolio-2015/', 'matches': '[]', 'count': 0}
2020-03-13 15:37:12 [scrapy.core.engine] DEBUG: Crawled (200) <GET https://www.alexclapperton.co.uk/portfolio/> (referer: https://www.alexclapperton.co.uk/)
2020-03-13 15:37:12 [scrapy.core.scraper] DEBUG: Scraped from <200 https://www.alexclapperton.co.uk/portfolio/>
{'url': 'https://www.alexclapperton.co.uk/portfolio/', 'matches': '[]', 'count': 0}
2020-03-13 15:37:12 [scrapy.core.engine] DEBUG: Crawled (200) <GET https://www.alexclapperton.co.uk/articles/2017/from-https-to-css-what-i-have-changed-on-my-website/> (referer: https://www.alexclapperton.co.uk/)
2020-03-13 15:37:12 [scrapy.core.engine] DEBUG: Crawled (200) <GET https://www.alexclapperton.co.uk/portfolio/love-manchester/> (referer: https://www.alexclapperton.co.uk/)
2020-03-13 15:37:12 [scrapy.core.scraper] DEBUG: Scraped from <200 https://www.alexclapperton.co.uk/articles/2017/from-https-to-css-what-i-have-changed-on-my-website/>
{'url': 'https://www.alexclapperton.co.uk/articles/2017/from-https-to-css-what-i-have-changed-on-my-website/', 'matches': '[]', 'count': 0}
2020-03-13 15:37:12 [scrapy.spidermiddlewares.offsite] DEBUG: Filtered offsite request to 'www.sitepoint.com': <GET https://www.sitepoint.com/https-basics/>
2020-03-13 15:37:12 [scrapy.spidermiddlewares.offsite] DEBUG: Filtered offsite request to 'security.googleblog.com': <GET https://security.googleblog.com/2016/09/moving-towards-more-secure-web.html>
2020-03-13 15:37:12 [scrapy.spidermiddlewares.offsite] DEBUG: Filtered offsite request to 'www.cloudflare.com': <GET https://www.cloudflare.com/performance/>
2020-03-13 15:37:12 [scrapy.spidermiddlewares.offsite] DEBUG: Filtered offsite request to 'raventools.com': <GET https://raventools.com/blog/free-ssl-http2/>
2020-03-13 15:37:12 [scrapy.spidermiddlewares.offsite] DEBUG: Filtered offsite request to 'mariopabon.com': <GET https://mariopabon.com/2016/07/25/make-your-site-work-offline-with-service-worker.html>
2020-03-13 15:37:12 [scrapy.spidermiddlewares.offsite] DEBUG: Filtered offsite request to 'www.npmjs.com': <GET https://www.npmjs.com/package/css-mqpacker>
2020-03-13 15:37:12 [scrapy.core.scraper] DEBUG: Scraped from <200 https://www.alexclapperton.co.uk/portfolio/love-manchester/>
{'url': 'https://www.alexclapperton.co.uk/portfolio/love-manchester/', 'matches': '[]', 'count': 0}
2020-03-13 15:37:12 [scrapy.core.engine] DEBUG: Crawled (200) <GET https://www.alexclapperton.co.uk/articles/> (referer: https://www.alexclapperton.co.uk/)
2020-03-13 15:37:12 [scrapy.core.scraper] DEBUG: Scraped from <200 https://www.alexclapperton.co.uk/articles/>
{'url': 'https://www.alexclapperton.co.uk/articles/', 'matches': '[]', 'count': 0}
2020-03-13 15:37:12 [scrapy.core.engine] DEBUG: Crawled (200) <GET https://www.alexclapperton.co.uk/portfolio/portfolio-2017/> (referer: https://www.alexclapperton.co.uk/)
2020-03-13 15:37:12 [scrapy.core.scraper] DEBUG: Scraped from <200 https://www.alexclapperton.co.uk/portfolio/portfolio-2017/>
{'url': 'https://www.alexclapperton.co.uk/portfolio/portfolio-2017/', 'matches': '[]', 'count': 0}
2020-03-13 15:37:13 [scrapy.core.engine] DEBUG: Crawled (200) <GET https://www.alexclapperton.co.uk/articles/2016/the-digital-industry-a-developers-perspective/> (referer: https://www.alexclapperton.co.uk/)
2020-03-13 15:37:13 [scrapy.core.scraper] DEBUG: Scraped from <200 https://www.alexclapperton.co.uk/articles/2016/the-digital-industry-a-developers-perspective/>
{'url': 'https://www.alexclapperton.co.uk/articles/2016/the-digital-industry-a-developers-perspective/', 'matches': '[]', 'count': 0}
2020-03-13 15:37:13 [scrapy.spidermiddlewares.offsite] DEBUG: Filtered offsite request to 't.co': <GET https://t.co/yviRbbemrI>
2020-03-13 15:37:13 [scrapy.spidermiddlewares.offsite] DEBUG: Filtered offsite request to 'www.computing.co.uk': <GET http://www.computing.co.uk/ctg/news/2347538/we-want-to-hire-developers-but-were-struggling-to-find-really-talented-ones-thetrainlinecom-cto>
2020-03-13 15:37:13 [scrapy.spidermiddlewares.offsite] DEBUG: Filtered offsite request to 'www.meetup.com': <GET http://www.meetup.com/McrFRED/>
2020-03-13 15:37:13 [scrapy.spidermiddlewares.offsite] DEBUG: Filtered offsite request to 's10wen.com': <GET https://s10wen.com/>
2020-03-13 15:37:13 [scrapy.spidermiddlewares.offsite] DEBUG: Filtered offsite request to 'nuxuk.org': <GET http://nuxuk.org/>
2020-03-13 15:37:13 [scrapy.spidermiddlewares.offsite] DEBUG: Filtered offsite request to 'upfrontconf.com': <GET http://upfrontconf.com/>
2020-03-13 15:37:13 [scrapy.spidermiddlewares.offsite] DEBUG: Filtered offsite request to 'frontendnorth.com': <GET http://frontendnorth.com/>
2020-03-13 15:37:13 [scrapy.spidermiddlewares.offsite] DEBUG: Filtered offsite request to 'www.manchesterdigital.com': <GET https://www.manchesterdigital.com/events/talent-day-students>
2020-03-13 15:37:13 [scrapy.spidermiddlewares.offsite] DEBUG: Filtered offsite request to 'campdigital.wearesigma.com': <GET http://campdigital.wearesigma.com/>
2020-03-13 15:37:13 [scrapy.spidermiddlewares.offsite] DEBUG: Filtered offsite request to 'www.codeinthedark.co.uk': <GET http://www.codeinthedark.co.uk/>
2020-03-13 15:37:13 [scrapy.spidermiddlewares.offsite] DEBUG: Filtered offsite request to 'www.slideshare.net': <GET http://www.slideshare.net/ManchesterDigital/manchester-digital-skills-audit-2016-results>
2020-03-13 15:37:13 [scrapy.core.engine] DEBUG: Crawled (200) <GET https://www.alexclapperton.co.uk/articles/2017/working-with-grid-the-holy-grail-of-css-layout/> (referer: https://www.alexclapperton.co.uk/articles/)
2020-03-13 15:37:14 [scrapy.core.scraper] DEBUG: Scraped from <200 https://www.alexclapperton.co.uk/articles/2017/working-with-grid-the-holy-grail-of-css-layout/>
{'url': 'https://www.alexclapperton.co.uk/articles/2017/working-with-grid-the-holy-grail-of-css-layout/', 'matches': '[]', 'count': 0}
2020-03-13 15:37:14 [scrapy.spidermiddlewares.offsite] DEBUG: Filtered offsite request to 'css-tricks.com': <GET https://css-tricks.com/snippets/css/a-guide-to-flexbox/>
2020-03-13 15:37:14 [scrapy.spidermiddlewares.offsite] DEBUG: Filtered offsite request to 'developer.apple.com': <GET https://developer.apple.com/safari/technology-preview/>
2020-03-13 15:37:14 [scrapy.spidermiddlewares.offsite] DEBUG: Filtered offsite request to 'www.mozilla.org': <GET https://www.mozilla.org/en-GB/firefox/developer/>
2020-03-13 15:37:14 [scrapy.spidermiddlewares.offsite] DEBUG: Filtered offsite request to 'www.google.co.uk': <GET https://www.google.co.uk/chrome/browser/canary.html>
2020-03-13 15:37:14 [scrapy.spidermiddlewares.offsite] DEBUG: Filtered offsite request to 'gridbyexample.com': <GET http://gridbyexample.com/>
2020-03-13 15:37:14 [scrapy.spidermiddlewares.offsite] DEBUG: Filtered offsite request to 'codepen.io': <GET https://codepen.io/Pushedskydiver/pen/bqNvRb/>
2020-03-13 15:37:14 [scrapy.spidermiddlewares.offsite] DEBUG: Filtered offsite request to 'atom.io': <GET https://atom.io/>
2020-03-13 15:37:14 [scrapy.spidermiddlewares.offsite] DEBUG: Filtered offsite request to 'rachelandrew.co.uk': <GET https://rachelandrew.co.uk/archives/2016/03/30/should-i-use-grid-or-flexbox/>
2020-03-13 15:37:14 [scrapy.core.engine] DEBUG: Crawled (200) <GET https://www.alexclapperton.co.uk/about-me/> (referer: https://www.alexclapperton.co.uk/)
2020-03-13 15:37:14 [scrapy.core.scraper] DEBUG: Scraped from <200 https://www.alexclapperton.co.uk/about-me/>
{'url': 'https://www.alexclapperton.co.uk/about-me/', 'matches': '[]', 'count': 0}
2020-03-13 15:37:14 [scrapy.core.engine] DEBUG: Crawled (200) <GET https://www.alexclapperton.co.uk/articles/2018/a-brief-introduction-on-using-css-grid/> (referer: https://www.alexclapperton.co.uk/articles/)
2020-03-13 15:37:14 [scrapy.core.engine] DEBUG: Crawled (200) <GET https://www.alexclapperton.co.uk/articles/2018/how-to-use-grid-and-flexbox-together/> (referer: https://www.alexclapperton.co.uk/articles/)
2020-03-13 15:37:14 [scrapy.core.scraper] DEBUG: Scraped from <200 https://www.alexclapperton.co.uk/articles/2018/a-brief-introduction-on-using-css-grid/>
{'url': 'https://www.alexclapperton.co.uk/articles/2018/a-brief-introduction-on-using-css-grid/', 'matches': '[]', 'count': 0}
2020-03-13 15:37:14 [scrapy.spidermiddlewares.offsite] DEBUG: Filtered offsite request to 'caniuse.com': <GET http://caniuse.com/#feat=css-grid>
2020-03-13 15:37:14 [scrapy.spidermiddlewares.offsite] DEBUG: Filtered offsite request to 'drafts.csswg.org': <GET https://drafts.csswg.org/css-grid/>
2020-03-13 15:37:14 [scrapy.spidermiddlewares.offsite] DEBUG: Filtered offsite request to 'igalia.github.io': <GET https://igalia.github.io/css-grid-layout/index.html>
2020-03-13 15:37:14 [scrapy.spidermiddlewares.offsite] DEBUG: Filtered offsite request to 'hacks.mozilla.org': <GET https://hacks.mozilla.org/2015/09/the-future-of-layout-with-css-grid-layouts/>
2020-03-13 15:37:14 [scrapy.core.scraper] DEBUG: Scraped from <200 https://www.alexclapperton.co.uk/articles/2018/how-to-use-grid-and-flexbox-together/>
{'url': 'https://www.alexclapperton.co.uk/articles/2018/how-to-use-grid-and-flexbox-together/', 'matches': '[]', 'count': 0}
2020-03-13 15:37:14 [scrapy.spidermiddlewares.offsite] DEBUG: Filtered offsite request to 'www.bbc.co.uk': <GET https://www.bbc.co.uk/>
2020-03-13 15:37:14 [scrapy.spidermiddlewares.offsite] DEBUG: Filtered offsite request to 'webdesign.tutsplus.com': <GET https://webdesign.tutsplus.com/series/understanding-css-grid-layout--cms-1079>
2020-03-13 15:37:14 [scrapy.downloadermiddlewares.redirect] DEBUG: Redirecting (301) to <GET https://www.alexclapperton.co.uk/blog/working-with-grid-the-holy-grail-of-css-layout/> from <GET https://alexclapperton.co.uk/blog/working-with-grid-the-holy-grail-of-css-layout/>
2020-03-13 15:37:15 [scrapy.core.engine] DEBUG: Crawled (200) <GET https://www.alexclapperton.co.uk/contact/> (referer: https://www.alexclapperton.co.uk/)
2020-03-13 15:37:15 [scrapy.core.scraper] DEBUG: Scraped from <200 https://www.alexclapperton.co.uk/contact/>
{'url': 'https://www.alexclapperton.co.uk/contact/', 'matches': '[]', 'count': 0}
2020-03-13 15:37:16 [scrapy.core.engine] DEBUG: Crawled (404) <GET https://www.alexclapperton.co.uk/blog/working-with-grid-the-holy-grail-of-css-layout/> (referer: https://www.alexclapperton.co.uk/articles/2018/how-to-use-grid-and-flexbox-together/)
2020-03-13 15:37:17 [scrapy.spidermiddlewares.httperror] INFO: Ignoring response <404 https://www.alexclapperton.co.uk/blog/working-with-grid-the-holy-grail-of-css-layout/>: HTTP status code is not handled or not allowed
2020-03-13 15:37:17 [scrapy.crawler] INFO: Received SIGINT, shutting down gracefully. Send again to force 
2020-03-13 15:37:17 [scrapy.core.engine] INFO: Closing spider (shutdown)
2020-03-13 15:37:18 [scrapy.core.engine] DEBUG: Crawled (200) <GET https://www.alexclapperton.co.uk/portfolio/mmu-website/> (referer: https://www.alexclapperton.co.uk/)
2020-03-13 15:37:18 [scrapy.core.scraper] DEBUG: Scraped from <200 https://www.alexclapperton.co.uk/portfolio/mmu-website/>
{'url': 'https://www.alexclapperton.co.uk/portfolio/mmu-website/', 'matches': '[]', 'count': 0}
2020-03-13 15:37:18 [scrapy.crawler] INFO: Received SIGINT twice, forcing unclean shutdown
2020-03-13 15:38:11 [scrapy.utils.log] INFO: Scrapy 2.0.0 started (bot: searchthesourcecode)
2020-03-13 15:38:11 [scrapy.utils.log] INFO: Versions: lxml 4.5.0.0, libxml2 2.9.10, cssselect 1.1.0, parsel 1.5.2, w3lib 1.21.0, Twisted 19.10.0, Python 3.7.6 (default, Dec 30 2019, 19:38:26) - [Clang 11.0.0 (clang-1100.0.33.16)], pyOpenSSL 19.1.0 (OpenSSL 1.1.1d  10 Sep 2019), cryptography 2.8, Platform Darwin-19.3.0-x86_64-i386-64bit
2020-03-13 15:38:11 [scrapy.utils.log] DEBUG: Using reactor: twisted.internet.selectreactor.SelectReactor
2020-03-13 15:38:11 [scrapy.crawler] INFO: Overridden settings:
{'BOT_NAME': 'searchthesourcecode',
 'CLOSESPIDER_PAGECOUNT': 100,
 'FEED_FORMAT': 'json',
 'FEED_URI': 'feed/%(name)s.json',
 'LOG_FILE': 'logs/scrapy.log',
 'NEWSPIDER_MODULE': 'searchthesourcecode.spiders',
 'SPIDER_MODULES': ['searchthesourcecode.spiders'],
 'TELNETCONSOLE_ENABLED': False,
 'USER_AGENT': 'searchthesourcecode (+http://searchthesourcecode.com)'}
2020-03-13 15:38:11 [scrapy.middleware] INFO: Enabled extensions:
['scrapy.extensions.corestats.CoreStats',
 'scrapy.extensions.memusage.MemoryUsage',
 'scrapy.extensions.closespider.CloseSpider',
 'scrapy.extensions.feedexport.FeedExporter',
 'scrapy.extensions.logstats.LogStats']
2020-03-13 15:38:11 [scrapy.middleware] INFO: Enabled downloader middlewares:
['scrapy.downloadermiddlewares.httpauth.HttpAuthMiddleware',
 'scrapy.downloadermiddlewares.downloadtimeout.DownloadTimeoutMiddleware',
 'scrapy.downloadermiddlewares.defaultheaders.DefaultHeadersMiddleware',
 'scrapy.downloadermiddlewares.useragent.UserAgentMiddleware',
 'scrapy.downloadermiddlewares.retry.RetryMiddleware',
 'scrapy.downloadermiddlewares.redirect.MetaRefreshMiddleware',
 'scrapy.downloadermiddlewares.httpcompression.HttpCompressionMiddleware',
 'scrapy.downloadermiddlewares.redirect.RedirectMiddleware',
 'scrapy.downloadermiddlewares.cookies.CookiesMiddleware',
 'scrapy.downloadermiddlewares.httpproxy.HttpProxyMiddleware',
 'scrapy.downloadermiddlewares.stats.DownloaderStats']
2020-03-13 15:38:11 [scrapy.middleware] INFO: Enabled spider middlewares:
['scrapy.spidermiddlewares.httperror.HttpErrorMiddleware',
 'scrapy.spidermiddlewares.offsite.OffsiteMiddleware',
 'scrapy.spidermiddlewares.referer.RefererMiddleware',
 'scrapy.spidermiddlewares.urllength.UrlLengthMiddleware',
 'scrapy.spidermiddlewares.depth.DepthMiddleware']
2020-03-13 15:38:11 [scrapy.middleware] INFO: Enabled item pipelines:
[]
2020-03-13 15:38:11 [scrapy.core.engine] INFO: Spider opened
2020-03-13 15:38:11 [scrapy.extensions.logstats] INFO: Crawled 0 pages (at 0 pages/min), scraped 0 items (at 0 items/min)
2020-03-13 15:38:11 [scrapy.downloadermiddlewares.redirect] DEBUG: Redirecting (301) to <GET https://alexclapperton.co.uk/> from <GET http://alexclapperton.co.uk/>
2020-03-13 15:38:12 [scrapy.downloadermiddlewares.redirect] DEBUG: Redirecting (301) to <GET https://www.alexclapperton.co.uk/> from <GET https://alexclapperton.co.uk/>
2020-03-13 15:38:14 [scrapy.core.engine] DEBUG: Crawled (200) <GET https://www.alexclapperton.co.uk/> (referer: None)
2020-03-13 15:38:14 [scrapy.core.scraper] DEBUG: Scraped from <200 https://www.alexclapperton.co.uk/>
{'url': 'https://www.alexclapperton.co.uk/', 'matches': '[]', 'count': 0}
2020-03-13 15:38:14 [scrapy.spidermiddlewares.offsite] DEBUG: Filtered offsite request to 'enable-javascript.com': <GET http://enable-javascript.com>
2020-03-13 15:38:14 [scrapy.dupefilters] DEBUG: Filtered duplicate request: <GET https://www.alexclapperton.co.uk/#nav> - no more duplicates will be shown (see DUPEFILTER_DEBUG to show all duplicates)
2020-03-13 15:38:14 [scrapy.spidermiddlewares.offsite] DEBUG: Filtered offsite request to 'www.codecomputerlove.com': <GET https://www.codecomputerlove.com/>
2020-03-13 15:38:14 [scrapy.spidermiddlewares.offsite] DEBUG: Filtered offsite request to 'github.com': <GET https://github.com/Pushedskydiver>
2020-03-13 15:38:14 [scrapy.spidermiddlewares.offsite] DEBUG: Filtered offsite request to 'twitter.com': <GET https://twitter.com/AlexMClapperton>
2020-03-13 15:38:14 [scrapy.spidermiddlewares.offsite] DEBUG: Filtered offsite request to 'uk.linkedin.com': <GET https://uk.linkedin.com/in/alexclapperton>
2020-03-13 15:38:15 [scrapy.core.engine] DEBUG: Crawled (200) <GET https://www.alexclapperton.co.uk/articles/2017/from-https-to-css-what-i-have-changed-on-my-website/> (referer: https://www.alexclapperton.co.uk/)
2020-03-13 15:38:15 [scrapy.core.scraper] DEBUG: Scraped from <200 https://www.alexclapperton.co.uk/articles/2017/from-https-to-css-what-i-have-changed-on-my-website/>
{'url': 'https://www.alexclapperton.co.uk/articles/2017/from-https-to-css-what-i-have-changed-on-my-website/', 'matches': '[]', 'count': 0}
2020-03-13 15:38:15 [scrapy.spidermiddlewares.offsite] DEBUG: Filtered offsite request to 'www.sitepoint.com': <GET https://www.sitepoint.com/https-basics/>
2020-03-13 15:38:15 [scrapy.spidermiddlewares.offsite] DEBUG: Filtered offsite request to 'security.googleblog.com': <GET https://security.googleblog.com/2016/09/moving-towards-more-secure-web.html>
2020-03-13 15:38:15 [scrapy.spidermiddlewares.offsite] DEBUG: Filtered offsite request to 'www.cloudflare.com': <GET https://www.cloudflare.com/performance/>
2020-03-13 15:38:15 [scrapy.spidermiddlewares.offsite] DEBUG: Filtered offsite request to 'raventools.com': <GET https://raventools.com/blog/free-ssl-http2/>
2020-03-13 15:38:15 [scrapy.spidermiddlewares.offsite] DEBUG: Filtered offsite request to 'developers.google.com': <GET https://developers.google.com/web/fundamentals/getting-started/primers/service-workers>
2020-03-13 15:38:15 [scrapy.spidermiddlewares.offsite] DEBUG: Filtered offsite request to 'mariopabon.com': <GET https://mariopabon.com/2016/07/25/make-your-site-work-offline-with-service-worker.html>
2020-03-13 15:38:15 [scrapy.spidermiddlewares.offsite] DEBUG: Filtered offsite request to 'www.npmjs.com': <GET https://www.npmjs.com/package/css-mqpacker>
2020-03-13 15:38:15 [scrapy.core.engine] DEBUG: Crawled (200) <GET https://www.alexclapperton.co.uk/articles/> (referer: https://www.alexclapperton.co.uk/)
2020-03-13 15:38:15 [scrapy.core.scraper] DEBUG: Scraped from <200 https://www.alexclapperton.co.uk/articles/>
{'url': 'https://www.alexclapperton.co.uk/articles/', 'matches': '[]', 'count': 0}
2020-03-13 15:38:15 [scrapy.core.engine] DEBUG: Crawled (200) <GET https://www.alexclapperton.co.uk/articles/2016/performance-and-optimisation-getting-your-website-up-to-speed/> (referer: https://www.alexclapperton.co.uk/)
2020-03-13 15:38:15 [scrapy.core.engine] DEBUG: Crawled (200) <GET https://www.alexclapperton.co.uk/articles/2016/the-digital-industry-a-developers-perspective/> (referer: https://www.alexclapperton.co.uk/)
2020-03-13 15:38:15 [scrapy.core.engine] DEBUG: Crawled (200) <GET https://www.alexclapperton.co.uk/portfolio/portfolio-2015/> (referer: https://www.alexclapperton.co.uk/)
2020-03-13 15:38:15 [scrapy.core.engine] DEBUG: Crawled (200) <GET https://www.alexclapperton.co.uk/portfolio/portfolio-2017/> (referer: https://www.alexclapperton.co.uk/)
2020-03-13 15:38:15 [scrapy.core.scraper] DEBUG: Scraped from <200 https://www.alexclapperton.co.uk/articles/2016/performance-and-optimisation-getting-your-website-up-to-speed/>
{'url': 'https://www.alexclapperton.co.uk/articles/2016/performance-and-optimisation-getting-your-website-up-to-speed/', 'matches': '[11997, 12062]', 'count': 2}
2020-03-13 15:38:15 [scrapy.spidermiddlewares.offsite] DEBUG: Filtered offsite request to 'validator.w3.org': <GET https://validator.w3.org/>
2020-03-13 15:38:15 [scrapy.spidermiddlewares.offsite] DEBUG: Filtered offsite request to 'blog.teamtreehouse.com': <GET http://blog.teamtreehouse.com/10-reasons-website-needs-mobile-optimized>
2020-03-13 15:38:15 [scrapy.spidermiddlewares.offsite] DEBUG: Filtered offsite request to 'www.screamingfrog.co.uk': <GET https://www.screamingfrog.co.uk/seo-spider/>
2020-03-13 15:38:15 [scrapy.spidermiddlewares.offsite] DEBUG: Filtered offsite request to 'www.webpagetest.org': <GET http://www.webpagetest.org/>
2020-03-13 15:38:15 [scrapy.core.scraper] DEBUG: Scraped from <200 https://www.alexclapperton.co.uk/articles/2016/the-digital-industry-a-developers-perspective/>
{'url': 'https://www.alexclapperton.co.uk/articles/2016/the-digital-industry-a-developers-perspective/', 'matches': '[]', 'count': 0}
2020-03-13 15:38:15 [scrapy.spidermiddlewares.offsite] DEBUG: Filtered offsite request to 't.co': <GET https://t.co/yviRbbemrI>
2020-03-13 15:38:15 [scrapy.spidermiddlewares.offsite] DEBUG: Filtered offsite request to 'www.computing.co.uk': <GET http://www.computing.co.uk/ctg/news/2347538/we-want-to-hire-developers-but-were-struggling-to-find-really-talented-ones-thetrainlinecom-cto>
2020-03-13 15:38:15 [scrapy.spidermiddlewares.offsite] DEBUG: Filtered offsite request to 'www.meetup.com': <GET http://www.meetup.com/McrFRED/>
2020-03-13 15:38:15 [scrapy.spidermiddlewares.offsite] DEBUG: Filtered offsite request to 's10wen.com': <GET https://s10wen.com/>
2020-03-13 15:38:15 [scrapy.spidermiddlewares.offsite] DEBUG: Filtered offsite request to 'nuxuk.org': <GET http://nuxuk.org/>
2020-03-13 15:38:15 [scrapy.spidermiddlewares.offsite] DEBUG: Filtered offsite request to 'upfrontconf.com': <GET http://upfrontconf.com/>
2020-03-13 15:38:15 [scrapy.spidermiddlewares.offsite] DEBUG: Filtered offsite request to 'frontendnorth.com': <GET http://frontendnorth.com/>
2020-03-13 15:38:15 [scrapy.spidermiddlewares.offsite] DEBUG: Filtered offsite request to 'www.manchesterdigital.com': <GET https://www.manchesterdigital.com/events/talent-day-students>
2020-03-13 15:38:15 [scrapy.spidermiddlewares.offsite] DEBUG: Filtered offsite request to 'campdigital.wearesigma.com': <GET http://campdigital.wearesigma.com/>
2020-03-13 15:38:15 [scrapy.spidermiddlewares.offsite] DEBUG: Filtered offsite request to 'www.codeinthedark.co.uk': <GET http://www.codeinthedark.co.uk/>
2020-03-13 15:38:15 [scrapy.spidermiddlewares.offsite] DEBUG: Filtered offsite request to 'www.slideshare.net': <GET http://www.slideshare.net/ManchesterDigital/manchester-digital-skills-audit-2016-results>
2020-03-13 15:38:15 [scrapy.core.scraper] DEBUG: Scraped from <200 https://www.alexclapperton.co.uk/portfolio/portfolio-2015/>
{'url': 'https://www.alexclapperton.co.uk/portfolio/portfolio-2015/', 'matches': '[]', 'count': 0}
2020-03-13 15:38:15 [scrapy.core.engine] DEBUG: Crawled (200) <GET https://www.alexclapperton.co.uk/contact/> (referer: https://www.alexclapperton.co.uk/)
2020-03-13 15:38:15 [scrapy.core.scraper] DEBUG: Scraped from <200 https://www.alexclapperton.co.uk/portfolio/portfolio-2017/>
{'url': 'https://www.alexclapperton.co.uk/portfolio/portfolio-2017/', 'matches': '[]', 'count': 0}
2020-03-13 15:38:15 [scrapy.core.engine] DEBUG: Crawled (200) <GET https://www.alexclapperton.co.uk/about-me/> (referer: https://www.alexclapperton.co.uk/)
2020-03-13 15:38:15 [scrapy.core.engine] DEBUG: Crawled (200) <GET https://www.alexclapperton.co.uk/portfolio/mmu-website/> (referer: https://www.alexclapperton.co.uk/)
2020-03-13 15:38:15 [scrapy.core.engine] DEBUG: Crawled (200) <GET https://www.alexclapperton.co.uk/articles/2018/how-to-use-grid-and-flexbox-together/> (referer: https://www.alexclapperton.co.uk/articles/)
2020-03-13 15:38:15 [scrapy.core.engine] DEBUG: Crawled (200) <GET https://www.alexclapperton.co.uk/articles/2018/a-brief-introduction-on-using-css-grid/> (referer: https://www.alexclapperton.co.uk/articles/)
2020-03-13 15:38:15 [scrapy.core.scraper] DEBUG: Scraped from <200 https://www.alexclapperton.co.uk/contact/>
{'url': 'https://www.alexclapperton.co.uk/contact/', 'matches': '[]', 'count': 0}
2020-03-13 15:38:15 [scrapy.core.engine] DEBUG: Crawled (200) <GET https://www.alexclapperton.co.uk/articles/2017/working-with-grid-the-holy-grail-of-css-layout/> (referer: https://www.alexclapperton.co.uk/articles/)
2020-03-13 15:38:15 [scrapy.core.scraper] DEBUG: Scraped from <200 https://www.alexclapperton.co.uk/about-me/>
{'url': 'https://www.alexclapperton.co.uk/about-me/', 'matches': '[]', 'count': 0}
2020-03-13 15:38:15 [scrapy.core.scraper] DEBUG: Scraped from <200 https://www.alexclapperton.co.uk/portfolio/mmu-website/>
{'url': 'https://www.alexclapperton.co.uk/portfolio/mmu-website/', 'matches': '[]', 'count': 0}
2020-03-13 15:38:15 [scrapy.core.scraper] DEBUG: Scraped from <200 https://www.alexclapperton.co.uk/articles/2018/how-to-use-grid-and-flexbox-together/>
{'url': 'https://www.alexclapperton.co.uk/articles/2018/how-to-use-grid-and-flexbox-together/', 'matches': '[]', 'count': 0}
2020-03-13 15:38:16 [scrapy.spidermiddlewares.offsite] DEBUG: Filtered offsite request to 'caniuse.com': <GET http://caniuse.com/#feat=css-grid>
2020-03-13 15:38:16 [scrapy.spidermiddlewares.offsite] DEBUG: Filtered offsite request to 'css-tricks.com': <GET https://css-tricks.com/snippets/css/a-guide-to-flexbox/>
2020-03-13 15:38:16 [scrapy.spidermiddlewares.offsite] DEBUG: Filtered offsite request to 'rachelandrew.co.uk': <GET https://rachelandrew.co.uk/archives/2016/03/30/should-i-use-grid-or-flexbox/>
2020-03-13 15:38:16 [scrapy.spidermiddlewares.offsite] DEBUG: Filtered offsite request to 'www.bbc.co.uk': <GET https://www.bbc.co.uk/>
2020-03-13 15:38:16 [scrapy.spidermiddlewares.offsite] DEBUG: Filtered offsite request to 'codepen.io': <GET https://codepen.io/Pushedskydiver/pen/gWOEpr/>
2020-03-13 15:38:16 [scrapy.spidermiddlewares.offsite] DEBUG: Filtered offsite request to 'webdesign.tutsplus.com': <GET https://webdesign.tutsplus.com/series/understanding-css-grid-layout--cms-1079>
2020-03-13 15:38:16 [scrapy.core.scraper] DEBUG: Scraped from <200 https://www.alexclapperton.co.uk/articles/2018/a-brief-introduction-on-using-css-grid/>
{'url': 'https://www.alexclapperton.co.uk/articles/2018/a-brief-introduction-on-using-css-grid/', 'matches': '[]', 'count': 0}
2020-03-13 15:38:16 [scrapy.spidermiddlewares.offsite] DEBUG: Filtered offsite request to 'drafts.csswg.org': <GET https://drafts.csswg.org/css-grid/>
2020-03-13 15:38:16 [scrapy.spidermiddlewares.offsite] DEBUG: Filtered offsite request to 'igalia.github.io': <GET https://igalia.github.io/css-grid-layout/index.html>
2020-03-13 15:38:16 [scrapy.spidermiddlewares.offsite] DEBUG: Filtered offsite request to 'gridbyexample.com': <GET http://gridbyexample.com/>
2020-03-13 15:38:16 [scrapy.spidermiddlewares.offsite] DEBUG: Filtered offsite request to 'hacks.mozilla.org': <GET https://hacks.mozilla.org/2015/09/the-future-of-layout-with-css-grid-layouts/>
2020-03-13 15:38:16 [scrapy.spidermiddlewares.offsite] DEBUG: Filtered offsite request to 'atom.io': <GET https://atom.io/>
2020-03-13 15:38:16 [scrapy.core.scraper] DEBUG: Scraped from <200 https://www.alexclapperton.co.uk/articles/2017/working-with-grid-the-holy-grail-of-css-layout/>
{'url': 'https://www.alexclapperton.co.uk/articles/2017/working-with-grid-the-holy-grail-of-css-layout/', 'matches': '[]', 'count': 0}
2020-03-13 15:38:16 [scrapy.spidermiddlewares.offsite] DEBUG: Filtered offsite request to 'developer.apple.com': <GET https://developer.apple.com/safari/technology-preview/>
2020-03-13 15:38:16 [scrapy.spidermiddlewares.offsite] DEBUG: Filtered offsite request to 'www.mozilla.org': <GET https://www.mozilla.org/en-GB/firefox/developer/>
2020-03-13 15:38:16 [scrapy.spidermiddlewares.offsite] DEBUG: Filtered offsite request to 'www.google.co.uk': <GET https://www.google.co.uk/chrome/browser/canary.html>
2020-03-13 15:38:16 [scrapy.downloadermiddlewares.redirect] DEBUG: Redirecting (301) to <GET https://www.alexclapperton.co.uk/blog/working-with-grid-the-holy-grail-of-css-layout/> from <GET https://alexclapperton.co.uk/blog/working-with-grid-the-holy-grail-of-css-layout/>
2020-03-13 15:38:16 [scrapy.core.engine] DEBUG: Crawled (404) <GET https://www.alexclapperton.co.uk/blog/working-with-grid-the-holy-grail-of-css-layout> (referer: https://www.alexclapperton.co.uk/articles/2018/how-to-use-grid-and-flexbox-together/)
2020-03-13 15:38:16 [scrapy.spidermiddlewares.httperror] INFO: Ignoring response <404 https://www.alexclapperton.co.uk/blog/working-with-grid-the-holy-grail-of-css-layout>: HTTP status code is not handled or not allowed
2020-03-13 15:38:16 [scrapy.core.engine] DEBUG: Crawled (200) <GET https://www.alexclapperton.co.uk/portfolio/> (referer: https://www.alexclapperton.co.uk/)
2020-03-13 15:38:16 [scrapy.core.engine] DEBUG: Crawled (404) <GET https://www.alexclapperton.co.uk/blog/working-with-grid-the-holy-grail-of-css-layout/> (referer: https://www.alexclapperton.co.uk/articles/2018/how-to-use-grid-and-flexbox-together/)
2020-03-13 15:38:16 [scrapy.core.scraper] DEBUG: Scraped from <200 https://www.alexclapperton.co.uk/portfolio/>
{'url': 'https://www.alexclapperton.co.uk/portfolio/', 'matches': '[]', 'count': 0}
2020-03-13 15:38:16 [scrapy.spidermiddlewares.httperror] INFO: Ignoring response <404 https://www.alexclapperton.co.uk/blog/working-with-grid-the-holy-grail-of-css-layout/>: HTTP status code is not handled or not allowed
2020-03-13 15:38:16 [scrapy.core.engine] DEBUG: Crawled (200) <GET https://www.alexclapperton.co.uk/portfolio/love-manchester/> (referer: https://www.alexclapperton.co.uk/)
2020-03-13 15:38:16 [scrapy.core.scraper] DEBUG: Scraped from <200 https://www.alexclapperton.co.uk/portfolio/love-manchester/>
{'url': 'https://www.alexclapperton.co.uk/portfolio/love-manchester/', 'matches': '[]', 'count': 0}
2020-03-13 15:38:16 [scrapy.core.engine] INFO: Closing spider (finished)
2020-03-13 15:38:16 [scrapy.extensions.feedexport] INFO: Stored json feed (15 items) in: feed/searchthesourcecode.json
2020-03-13 15:38:16 [scrapy.statscollectors] INFO: Dumping Scrapy stats:
{'downloader/request_bytes': 6432,
 'downloader/request_count': 20,
 'downloader/request_method_count/GET': 20,
 'downloader/response_bytes': 114932,
 'downloader/response_count': 20,
 'downloader/response_status_count/200': 15,
 'downloader/response_status_count/301': 3,
 'downloader/response_status_count/404': 2,
 'dupefilter/filtered': 129,
 'elapsed_time_seconds': 5.630933,
 'finish_reason': 'finished',
 'finish_time': datetime.datetime(2020, 3, 13, 15, 38, 16, 858649),
 'httperror/response_ignored_count': 2,
 'httperror/response_ignored_status_count/404': 2,
 'item_scraped_count': 15,
 'log_count/DEBUG': 77,
 'log_count/INFO': 11,
 'memusage/max': 51056640,
 'memusage/startup': 51052544,
 'offsite/domains': 41,
 'offsite/filtered': 121,
 'request_depth_max': 3,
 'response_received_count': 17,
 'scheduler/dequeued': 20,
 'scheduler/dequeued/memory': 20,
 'scheduler/enqueued': 20,
 'scheduler/enqueued/memory': 20,
 'start_time': datetime.datetime(2020, 3, 13, 15, 38, 11, 227716)}
2020-03-13 15:38:16 [scrapy.core.engine] INFO: Spider closed (finished)
